#
# There is insufficient memory for the Java Runtime Environment to continue.
# Native memory allocation (mmap) failed to map 125829120 bytes for G1 virtual space
# Possible reasons:
#   The system is out of physical RAM or swap space
#   The process is running with CompressedOops enabled, and the Java Heap may be blocking the growth of the native heap
# Possible solutions:
#   Reduce memory load on the system
#   Increase physical memory or swap space
#   Check if swap backing store is full
#   Decrease Java heap size (-Xmx/-Xms)
#   Decrease number of Java threads
#   Decrease Java thread stack sizes (-Xss)
#   Set larger code cache with -XX:ReservedCodeCacheSize=
#   JVM is running with Unscaled Compressed Oops mode in which the Java heap is
#     placed in the first 4GB address space. The Java Heap base address is the
#     maximum limit for the native heap growth. Please use -XX:HeapBaseMinAddress
#     to set the Java Heap base and to place the Java Heap above 4GB virtual address.
# This output file may be truncated or incomplete.
#
#  Out of Memory Error (os_windows.cpp:3825), pid=13072, tid=5148
#
# JRE version:  (17.0.10) (build )
# Java VM: OpenJDK 64-Bit Server VM (17.0.10+0--11609105, mixed mode, sharing, tiered, compressed oops, compressed class ptrs, g1 gc, windows-amd64)
# No core dump will be written. Minidumps are not enabled by default on client versions of Windows
#

---------------  S U M M A R Y ------------

Command Line: git4idea.http.GitAskPassApp Username for 'https://github.com': 

Host: Intel(R) Core(TM) i5-3570 CPU @ 3.40GHz, 4 cores, 7G,  Windows 10 , 64 bit Build 19041 (10.0.19041.3636)
Time: Sun Jul 14 16:33:51 2024 SE Asia Standard Time elapsed time: 0.011321 seconds (0d 0h 0m 0s)

---------------  T H R E A D  ---------------

Current thread (0x000001b1e3f93ed0):  JavaThread "Unknown thread" [_thread_in_vm, id=5148, stack(0x00000015cb800000,0x00000015cb900000)]

Stack: [0x00000015cb800000,0x00000015cb900000]
Native frames: (J=compiled Java code, j=interpreted, Vv=VM code, C=native code)
V  [jvm.dll+0x688de9]
V  [jvm.dll+0x8423da]
V  [jvm.dll+0x84401e]
V  [jvm.dll+0x844683]
V  [jvm.dll+0x24be0f]
V  [jvm.dll+0x685bb9]
V  [jvm.dll+0x67a46a]
V  [jvm.dll+0x30cbab]
V  [jvm.dll+0x314056]
V  [jvm.dll+0x363dce]
V  [jvm.dll+0x363fff]
V  [jvm.dll+0x2e2978]
V  [jvm.dll+0x2e38e4]
V  [jvm.dll+0x812f71]
V  [jvm.dll+0x371c81]
V  [jvm.dll+0x7f1ac6]
V  [jvm.dll+0x3f58df]
V  [jvm.dll+0x3f7511]
C  [jli.dll+0x528f]
C  [ucrtbase.dll+0x21bb2]
C  [KERNEL32.DLL+0x17344]
C  [ntdll.dll+0x4cc91]


---------------  P R O C E S S  ---------------

Threads class SMR info:
_java_thread_list=0x00007ffe5c7fef58, length=0, elements={
}

Java Threads: ( => current thread )

Other Threads:
  0x000001b1e3fe8290 GCTaskThread "GC Thread#0" [stack: 0x00000015cb900000,0x00000015cba00000] [id=8900]
  0x000001b1e3ff8160 ConcurrentGCThread "G1 Main Marker" [stack: 0x00000015cba00000,0x00000015cbb00000] [id=3888]
  0x000001b1e3ff8b80 ConcurrentGCThread "G1 Conc#0" [stack: 0x00000015cbb00000,0x00000015cbc00000] [id=11112]

[error occurred during error reporting (printing all threads), id 0xc0000005, EXCEPTION_ACCESS_VIOLATION (0xc0000005) at pc=0x00007ffe5bfb3547]

VM state: not at safepoint (not fully initialized)

VM Mutex/Monitor currently owned by a thread:  ([mutex/lock_event])
[0x000001b1e3f8df80] Heap_lock - owner thread: 0x000001b1e3f93ed0

Heap address: 0x0000000088400000, size: 1916 MB, Compressed Oops mode: 32-bit

CDS archive(s) mapped at: [0x0000000000000000-0x0000000000000000-0x0000000000000000), size 0, SharedBaseAddress: 0x0000000800000000, ArchiveRelocationMode: 1.
Narrow klass base: 0x0000000000000000, Narrow klass shift: 0, Narrow klass range: 0x0

GC Precious Log:
<Empty>

Heap:
 garbage-first heap   total 0K, used 0K [0x0000000088400000, 0x0000000100000000)
  region size 1024K, 0 young (0K), 0 survivors (0K)
 Metaspace       used 0K, committed 0K, reserved 0K
  class space    used 0K, committed 0K, reserved 0K

Heap Regions: E=young(eden), S=young(survivor), O=old, HS=humongous(starts), HC=humongous(continues), CS=collection set, F=free, OA=open archive, CA=closed archive, TAMS=top-at-mark-start (previous, next)

Card table byte_map: [0x000001b1f6830000,0x000001b1f6bf0000] _byte_map_base: 0x000001b1f63ee000

Marking Bits (Prev, Next): (CMBitMap*) 0x000001b1e3fe88b0, (CMBitMap*) 0x000001b1e3fe88f0
 Prev Bits: [0x000001b1f6fb0000, 0x000001b1f8da0000)
 Next Bits: [0x000001b1f8da0000, 0x000001b1fab90000)

GC Heap History (0 events):
No events

Dll operation events (1 events):
Event: 0.006 Loaded shared library C:\Program Files\Android\Android Studio\jbr\bin\java.dll

Deoptimization events (0 events):
No events

Classes unloaded (0 events):
No events

Classes redefined (0 events):
No events

Internal exceptions (0 events):
No events

VM Operations (0 events):
No events

Events (0 events):
No events


Dynamic libraries:
0x00007ff7e9eb0000 - 0x00007ff7e9eba000 	C:\Program Files\Android\Android Studio\jbr\bin\java.exe
0x00007ffecd650000 - 0x00007ffecd848000 	C:\Windows\SYSTEM32\ntdll.dll
0x00007ffecc550000 - 0x00007ffecc60d000 	C:\Windows\System32\KERNEL32.DLL
0x00007ffecad10000 - 0x00007ffecb006000 	C:\Windows\System32\KERNELBASE.dll
0x00007ffecb130000 - 0x00007ffecb230000 	C:\Windows\System32\ucrtbase.dll
0x00007ffeb3060000 - 0x00007ffeb3077000 	C:\Program Files\Android\Android Studio\jbr\bin\jli.dll
0x00007ffebbac0000 - 0x00007ffebbadb000 	C:\Program Files\Android\Android Studio\jbr\bin\VCRUNTIME140.dll
0x00007ffecc760000 - 0x00007ffecc8ff000 	C:\Windows\System32\USER32.dll
0x00007ffeba820000 - 0x00007ffebaaba000 	C:\Windows\WinSxS\amd64_microsoft.windows.common-controls_6595b64144ccf1df_6.0.19041.4355_none_60b8b9eb71f62e16\COMCTL32.dll
0x00007ffecb410000 - 0x00007ffecb432000 	C:\Windows\System32\win32u.dll
0x00007ffecc610000 - 0x00007ffecc63b000 	C:\Windows\System32\GDI32.dll
0x00007ffecb900000 - 0x00007ffecb99e000 	C:\Windows\System32\msvcrt.dll
0x00007ffecb010000 - 0x00007ffecb127000 	C:\Windows\System32\gdi32full.dll
0x00007ffecb5f0000 - 0x00007ffecb68d000 	C:\Windows\System32\msvcp_win.dll
0x00007ffecbb90000 - 0x00007ffecbbbf000 	C:\Windows\System32\IMM32.DLL
0x00007ffec2ab0000 - 0x00007ffec2abc000 	C:\Program Files\Android\Android Studio\jbr\bin\vcruntime140_1.dll
0x00007ffe92500000 - 0x00007ffe9258d000 	C:\Program Files\Android\Android Studio\jbr\bin\msvcp140.dll
0x00007ffe5bcc0000 - 0x00007ffe5c943000 	C:\Program Files\Android\Android Studio\jbr\bin\server\jvm.dll
0x00007ffecd500000 - 0x00007ffecd5b0000 	C:\Windows\System32\ADVAPI32.dll
0x00007ffecb860000 - 0x00007ffecb900000 	C:\Windows\System32\sechost.dll
0x00007ffecb6b0000 - 0x00007ffecb7d3000 	C:\Windows\System32\RPCRT4.dll
0x00007ffecb2a0000 - 0x00007ffecb2c7000 	C:\Windows\System32\bcrypt.dll
0x00007ffec7c80000 - 0x00007ffec7c89000 	C:\Windows\SYSTEM32\WSOCK32.dll
0x00007ffebeb60000 - 0x00007ffebeb87000 	C:\Windows\SYSTEM32\WINMM.dll
0x00007ffeca1f0000 - 0x00007ffeca23b000 	C:\Windows\SYSTEM32\POWRPROF.dll
0x00007ffecc360000 - 0x00007ffecc3cb000 	C:\Windows\System32\WS2_32.dll
0x00007ffec14c0000 - 0x00007ffec14ca000 	C:\Windows\SYSTEM32\VERSION.dll
0x00007ffeca0c0000 - 0x00007ffeca0d2000 	C:\Windows\SYSTEM32\UMPDC.dll
0x00007ffec9510000 - 0x00007ffec9522000 	C:\Windows\SYSTEM32\kernel.appcore.dll
0x00007ffec3380000 - 0x00007ffec338a000 	C:\Program Files\Android\Android Studio\jbr\bin\jimage.dll
0x00007ffec92c0000 - 0x00007ffec94a4000 	C:\Windows\SYSTEM32\DBGHELP.DLL
0x00007ffe9bd90000 - 0x00007ffe9bdc4000 	C:\Windows\SYSTEM32\dbgcore.DLL
0x00007ffecb2d0000 - 0x00007ffecb352000 	C:\Windows\System32\bcryptPrimitives.dll
0x00007ffec2bc0000 - 0x00007ffec2be5000 	C:\Program Files\Android\Android Studio\jbr\bin\java.dll

dbghelp: loaded successfully - version: 4.0.5 - missing functions: none
symbol engine: initialized successfully - sym options: 0x614 - pdb path: .;C:\Program Files\Android\Android Studio\jbr\bin;C:\Windows\SYSTEM32;C:\Windows\WinSxS\amd64_microsoft.windows.common-controls_6595b64144ccf1df_6.0.19041.4355_none_60b8b9eb71f62e16;C:\Program Files\Android\Android Studio\jbr\bin\server

VM Arguments:
java_command: git4idea.http.GitAskPassApp Username for 'https://github.com': 
java_class_path (initial): C:/Program Files/Android/Android Studio/plugins/vcs-git/lib/git4idea-rt.jar;C:/Program Files/Android/Android Studio/lib/externalProcess-rt.jar
Launcher Type: SUN_STANDARD

[Global flags]
     intx CICompilerCount                          = 3                                         {product} {ergonomic}
     uint ConcGCThreads                            = 1                                         {product} {ergonomic}
     uint G1ConcRefinementThreads                  = 4                                         {product} {ergonomic}
   size_t G1HeapRegionSize                         = 1048576                                   {product} {ergonomic}
    uintx GCDrainStackTargetSize                   = 64                                        {product} {ergonomic}
   size_t InitialHeapSize                          = 125829120                                 {product} {ergonomic}
   size_t MarkStackSize                            = 4194304                                   {product} {ergonomic}
   size_t MaxHeapSize                              = 2009071616                                {product} {ergonomic}
   size_t MinHeapDeltaBytes                        = 1048576                                   {product} {ergonomic}
   size_t MinHeapSize                              = 8388608                                   {product} {ergonomic}
    uintx NonNMethodCodeHeapSize                   = 5832780                                {pd product} {ergonomic}
    uintx NonProfiledCodeHeapSize                  = 122912730                              {pd product} {ergonomic}
    uintx ProfiledCodeHeapSize                     = 122912730                              {pd product} {ergonomic}
    uintx ReservedCodeCacheSize                    = 251658240                              {pd product} {ergonomic}
     bool SegmentedCodeCache                       = true                                      {product} {ergonomic}
   size_t SoftMaxHeapSize                          = 2009071616                             {manageable} {ergonomic}
     bool UseCompressedClassPointers               = true                           {product lp64_product} {ergonomic}
     bool UseCompressedOops                        = true                           {product lp64_product} {ergonomic}
     bool UseG1GC                                  = true                                      {product} {ergonomic}
     bool UseLargePagesIndividualAllocation        = false                                  {pd product} {ergonomic}

Logging:
Log output configuration:
 #0: stdout all=warning uptime,level,tags
 #1: stderr all=off uptime,level,tags

Environment Variables:
PATH=C:\Program Files\Git\mingw64\libexec\git-core;C:\Program Files\Git\mingw64\libexec\git-core;C:\Program Files\Git\mingw64\bin;C:\Program Files\Git\usr\bin;C:\Users\Kelvin Agusto\bin;C:\Program Files\Zulu\zulu-22\bin;C:\Program Files (x86)\Common Files\Intel\Shared Files\cpp\bin\Intel64;C:\Program Files (x86)\Intel\iCLS Client;C:\Program Files\Intel\iCLS Client;C:\Program Files\Common Files\Oracle\Java\javapath;C:\Program Files\Eclipse Adoptium\jdk-11.0.14.101-hotspot\bin;C:\Program Files (x86)\Common Files\Intel\Shared Libraries\redist\intel64\compiler;C:\Windows\system32;C:\Windows;C:\Windows\System32\Wbem;C:\Windows\System32\WindowsPowerShell\v1.0;C:\Windows\System32\OpenSSH;C:\Program Files (x86)\NVIDIA Corporation\PhysX\Common;C:\Program Files\NVIDIA Corporation\NVIDIA NvDLISR;C:\Windows\system32;C:\Windows;C:\Windows\System32\Wbem;C:\Windows\System32\WindowsPowerShell\v1.0;C:\Windows\System32\OpenSSH;C:\Program Files\Eclipse Adoptium\jdk-11.0.14.101-hotspot\bin;D:\APK Program\Git\cmd;C:\Program Files\Java\jdk-18.0.1.1\bin;D:\APK Program\IBM\JRE\bin;C:\Program Files\Git\cmd;C:\Program Files (x86)\Intel\Intel(R) Management Engine Components\DAL;C:\Program Files\Intel\Intel(R) Management Engine Components\DAL;C:\Program Files (x86)\Intel\Intel(R) Management Engine Components\IPT;C:\Program Files\Intel\Intel(R) Management Engine Components\IPT;C:\ProgramData\ComposerSetup\bin;C:\NodeJs;C:\server 3\xampp\php;C:\laragon\bin;C:\laragon\bin\apache\httpd-2.4.54-win64-VS16\bin;C:\laragon\bin\composer;C:\laragon\bin\git\bin;C:\laragon\bin\git\cmd;C:\laragon\bin\git\mingw64\bin;C:\laragon\bin\git\usr\bin;C:\laragon\bin\laragon\utils;C:\laragon\bin\mysql\mysql-8.0.30-winx64\bin;C:\laragon\bin\nginx\nginx-1.22.0;C:\laragon\bin\ngrok;C:\laragon\bin\nodejs\node-v18;C:\laragon\bin\notepad++;C:\laragon\bin\php\php-8.2.19-nts-Win32-vs16-x64;C:\laragon\bin\python\python-3.10;C:\laragon\bin\python\python-3.10\Scripts;C:\laragon\bin\redis\redis-x64-5.0.14.1;C:\laragon\bin\telnet;C:
USERNAME=Kelvin Agusto
DISPLAY=:0.0
LC_ALL=en_US.UTF-8
TERM=xterm-256color
TMPDIR=C:\Users\KELVIN~1\AppData\Local\Temp
OS=Windows_NT
PROCESSOR_IDENTIFIER=Intel64 Family 6 Model 58 Stepping 9, GenuineIntel
TMP=C:\Users\KELVIN~1\AppData\Local\Temp
TEMP=C:\Users\KELVIN~1\AppData\Local\Temp



Periodic native trim disabled

JNI global refs:
JNI global refs: 0, weak refs: 0

JNI global refs memory usage: 0, weak refs: 0

OOME stack traces (most recent first):
Classloader memory used:


---------------  S Y S T E M  ---------------

OS:
 Windows 10 , 64 bit Build 19041 (10.0.19041.3636)
OS uptime: 0 days 4:21 hours
Hyper-V role detected

CPU: total 4 (initial active 4) (4 cores per cpu, 1 threads per core) family 6 model 58 stepping 9 microcode 0x21, cx8, cmov, fxsr, mmx, sse, sse2, sse3, ssse3, sse4.1, sse4.2, popcnt, tsc, tscinvbit, avx, aes, erms, clmul, vzeroupper, clflush, hv
Processor Information for all 4 processors :
  Max Mhz: 3401, Current Mhz: 3401, Mhz Limit: 3401

Memory: 4k page, system-wide physical 7656M (558M free)
TotalPageFile size 11752M (AvailPageFile size 121M)
current process WorkingSet (physical memory assigned to process): 10M, peak: 10M
current process commit charge ("private bytes"): 51M, peak: 171M

vm_info: OpenJDK 64-Bit Server VM (17.0.10+0--11609105) for windows-amd64 JRE (17.0.10+0--11609105), built on Mar 21 2024 19:10:56 by "androidbuild" with MS VC++ 16.10 / 16.11 (VS2019)

END.
